2017-12-15 15:29:23.635  INFO 6224 --- [main] com.thymeleaf.DemoApplication            : Starting DemoApplication on acer-PC with PID 6224 (E:\ideaExer\thymeleaf\target\classes started by acer in E:\ideaExer\thymeleaf)
2017-12-15 15:29:23.636  INFO 6224 --- [main] com.thymeleaf.DemoApplication            : No active profile set, falling back to default profiles: default
2017-12-15 15:29:24.192  INFO 6224 --- [main] ationConfigEmbeddedWebApplicationContext : Refreshing org.springframework.boot.context.embedded.AnnotationConfigEmbeddedWebApplicationContext@1e886a5b: startup date [Fri Dec 15 15:29:24 CST 2017]; root of context hierarchy
2017-12-15 15:29:25.376  WARN 6224 --- [main] ssPathScanningCandidateComponentProvider : No MyBatis mapper was found in '[com.thymeleaf]' package. Please check your configuration.
2017-12-15 15:29:26.915  INFO 6224 --- [main] s.b.c.e.t.TomcatEmbeddedServletContainer : Tomcat initialized with port(s): 8080 (http)
2017-12-15 15:29:26.931  INFO 6224 --- [main] o.apache.catalina.core.StandardService   : Starting service [Tomcat]
2017-12-15 15:29:26.933  INFO 6224 --- [main] org.apache.catalina.core.StandardEngine  : Starting Servlet Engine: Apache Tomcat/8.5.23
2017-12-15 15:29:27.111  INFO 6224 --- [localhost-startStop-1] o.a.c.c.C.[Tomcat].[localhost].[/]       : Initializing Spring embedded WebApplicationContext
2017-12-15 15:29:27.111  INFO 6224 --- [localhost-startStop-1] o.s.web.context.ContextLoader            : Root WebApplicationContext: initialization completed in 2924 ms
2017-12-15 15:29:27.357  INFO 6224 --- [localhost-startStop-1] o.s.b.w.servlet.ServletRegistrationBean  : Mapping servlet: 'dispatcherServlet' to [/]
2017-12-15 15:29:27.364  INFO 6224 --- [localhost-startStop-1] o.s.b.w.servlet.FilterRegistrationBean   : Mapping filter: 'characterEncodingFilter' to: [/*]
2017-12-15 15:29:27.365  INFO 6224 --- [localhost-startStop-1] o.s.b.w.servlet.FilterRegistrationBean   : Mapping filter: 'hiddenHttpMethodFilter' to: [/*]
2017-12-15 15:29:27.365  INFO 6224 --- [localhost-startStop-1] o.s.b.w.servlet.FilterRegistrationBean   : Mapping filter: 'httpPutFormContentFilter' to: [/*]
2017-12-15 15:29:27.365  INFO 6224 --- [localhost-startStop-1] o.s.b.w.servlet.FilterRegistrationBean   : Mapping filter: 'requestContextFilter' to: [/*]
2017-12-15 15:29:28.132  INFO 6224 --- [main] s.w.s.m.m.a.RequestMappingHandlerAdapter : Looking for @ControllerAdvice: org.springframework.boot.context.embedded.AnnotationConfigEmbeddedWebApplicationContext@1e886a5b: startup date [Fri Dec 15 15:29:24 CST 2017]; root of context hierarchy
2017-12-15 15:29:28.241  INFO 6224 --- [main] s.w.s.m.m.a.RequestMappingHandlerMapping : Mapped "{[/config]}" onto public java.lang.String com.thymeleaf.controller.ConfigfileController.index(org.springframework.ui.Model)
2017-12-15 15:29:28.242  INFO 6224 --- [main] s.w.s.m.m.a.RequestMappingHandlerMapping : Mapped "{[ || / || /index]}" onto public java.lang.String com.thymeleaf.controller.HelloController.index(org.springframework.ui.Model)
2017-12-15 15:29:28.248  INFO 6224 --- [main] s.w.s.m.m.a.RequestMappingHandlerMapping : Mapped "{[/error]}" onto public org.springframework.http.ResponseEntity<java.util.Map<java.lang.String, java.lang.Object>> org.springframework.boot.autoconfigure.web.BasicErrorController.error(javax.servlet.http.HttpServletRequest)
2017-12-15 15:29:28.248  INFO 6224 --- [main] s.w.s.m.m.a.RequestMappingHandlerMapping : Mapped "{[/error],produces=[text/html]}" onto public org.springframework.web.servlet.ModelAndView org.springframework.boot.autoconfigure.web.BasicErrorController.errorHtml(javax.servlet.http.HttpServletRequest,javax.servlet.http.HttpServletResponse)
2017-12-15 15:29:28.301  INFO 6224 --- [main] o.s.w.s.handler.SimpleUrlHandlerMapping  : Mapped URL path [/webjars/**] onto handler of type [class org.springframework.web.servlet.resource.ResourceHttpRequestHandler]
2017-12-15 15:29:28.302  INFO 6224 --- [main] o.s.w.s.handler.SimpleUrlHandlerMapping  : Mapped URL path [/**] onto handler of type [class org.springframework.web.servlet.resource.ResourceHttpRequestHandler]
2017-12-15 15:29:28.369  INFO 6224 --- [main] o.s.w.s.handler.SimpleUrlHandlerMapping  : Mapped URL path [/**/favicon.ico] onto handler of type [class org.springframework.web.servlet.resource.ResourceHttpRequestHandler]
2017-12-15 15:29:29.411  INFO 6224 --- [main] o.s.b.d.a.OptionalLiveReloadServer       : LiveReload server is running on port 35729
2017-12-15 15:29:29.586  INFO 6224 --- [main] o.s.j.e.a.AnnotationMBeanExporter        : Registering beans for JMX exposure on startup
2017-12-15 15:29:29.724  INFO 6224 --- [main] s.b.c.e.t.TomcatEmbeddedServletContainer : Tomcat started on port(s): 8080 (http)
2017-12-15 15:29:29.756  INFO 6224 --- [main] com.thymeleaf.DemoApplication            : Started DemoApplication in 7.404 seconds (JVM running for 11.045)
2017-12-18 18:10:23.294  INFO 3184 --- [restartedMain] com.thymeleaf.DemoApplication            : Starting DemoApplication on acer-PC with PID 3184 (E:\ideaExer\thymeleaf\target\classes started by acer in E:\ideaExer\thymeleaf)
2017-12-18 18:10:23.325  INFO 3184 --- [restartedMain] com.thymeleaf.DemoApplication            : No active profile set, falling back to default profiles: default
2017-12-18 18:10:26.055  INFO 3184 --- [restartedMain] ationConfigEmbeddedWebApplicationContext : Refreshing org.springframework.boot.context.embedded.AnnotationConfigEmbeddedWebApplicationContext@555cf109: startup date [Mon Dec 18 18:10:26 CST 2017]; root of context hierarchy
2017-12-18 18:10:28.475  WARN 3184 --- [restartedMain] o.m.s.mapper.ClassPathMapperScanner      : No MyBatis mapper was found in '[com.thymeleaf]' package. Please check your configuration.
2017-12-18 18:10:32.126  INFO 3184 --- [restartedMain] s.b.c.e.t.TomcatEmbeddedServletContainer : Tomcat initialized with port(s): 8080 (http)
2017-12-18 18:10:32.235  INFO 3184 --- [restartedMain] o.apache.catalina.core.StandardService   : Starting service [Tomcat]
2017-12-18 18:10:32.250  INFO 3184 --- [restartedMain] org.apache.catalina.core.StandardEngine  : Starting Servlet Engine: Apache Tomcat/8.5.23
2017-12-18 18:10:32.656  INFO 3184 --- [localhost-startStop-1] o.a.c.c.C.[Tomcat].[localhost].[/]       : Initializing Spring embedded WebApplicationContext
2017-12-18 18:10:32.656  INFO 3184 --- [localhost-startStop-1] o.s.web.context.ContextLoader            : Root WebApplicationContext: initialization completed in 6648 ms
2017-12-18 18:10:33.030  INFO 3184 --- [localhost-startStop-1] o.s.b.w.servlet.ServletRegistrationBean  : Mapping servlet: 'dispatcherServlet' to [/]
2017-12-18 18:10:33.046  INFO 3184 --- [localhost-startStop-1] o.s.b.w.servlet.FilterRegistrationBean   : Mapping filter: 'characterEncodingFilter' to: [/*]
2017-12-18 18:10:33.046  INFO 3184 --- [localhost-startStop-1] o.s.b.w.servlet.FilterRegistrationBean   : Mapping filter: 'hiddenHttpMethodFilter' to: [/*]
2017-12-18 18:10:33.046  INFO 3184 --- [localhost-startStop-1] o.s.b.w.servlet.FilterRegistrationBean   : Mapping filter: 'httpPutFormContentFilter' to: [/*]
2017-12-18 18:10:33.046  INFO 3184 --- [localhost-startStop-1] o.s.b.w.servlet.FilterRegistrationBean   : Mapping filter: 'requestContextFilter' to: [/*]
2017-12-18 18:10:34.091  INFO 3184 --- [restartedMain] s.w.s.m.m.a.RequestMappingHandlerAdapter : Looking for @ControllerAdvice: org.springframework.boot.context.embedded.AnnotationConfigEmbeddedWebApplicationContext@555cf109: startup date [Mon Dec 18 18:10:26 CST 2017]; root of context hierarchy
2017-12-18 18:10:34.388  INFO 3184 --- [restartedMain] s.w.s.m.m.a.RequestMappingHandlerMapping : Mapped "{[/config]}" onto public java.lang.String com.thymeleaf.controller.ConfigfileController.index(org.springframework.ui.Model)
2017-12-18 18:10:34.388  INFO 3184 --- [restartedMain] s.w.s.m.m.a.RequestMappingHandlerMapping : Mapped "{[ || / || /index]}" onto public java.lang.String com.thymeleaf.controller.HelloController.index(org.springframework.ui.Model)
2017-12-18 18:10:34.388  INFO 3184 --- [restartedMain] s.w.s.m.m.a.RequestMappingHandlerMapping : Mapped "{[/error]}" onto public org.springframework.http.ResponseEntity<java.util.Map<java.lang.String, java.lang.Object>> org.springframework.boot.autoconfigure.web.BasicErrorController.error(javax.servlet.http.HttpServletRequest)
2017-12-18 18:10:34.388  INFO 3184 --- [restartedMain] s.w.s.m.m.a.RequestMappingHandlerMapping : Mapped "{[/error],produces=[text/html]}" onto public org.springframework.web.servlet.ModelAndView org.springframework.boot.autoconfigure.web.BasicErrorController.errorHtml(javax.servlet.http.HttpServletRequest,javax.servlet.http.HttpServletResponse)
2017-12-18 18:10:34.450  INFO 3184 --- [restartedMain] o.s.w.s.handler.SimpleUrlHandlerMapping  : Mapped URL path [/webjars/**] onto handler of type [class org.springframework.web.servlet.resource.ResourceHttpRequestHandler]
2017-12-18 18:10:34.450  INFO 3184 --- [restartedMain] o.s.w.s.handler.SimpleUrlHandlerMapping  : Mapped URL path [/**] onto handler of type [class org.springframework.web.servlet.resource.ResourceHttpRequestHandler]
2017-12-18 18:10:34.512  INFO 3184 --- [restartedMain] o.s.w.s.handler.SimpleUrlHandlerMapping  : Mapped URL path [/**/favicon.ico] onto handler of type [class org.springframework.web.servlet.resource.ResourceHttpRequestHandler]
2017-12-18 18:10:36.572  INFO 3184 --- [restartedMain] o.s.b.d.a.OptionalLiveReloadServer       : LiveReload server is running on port 35729
2017-12-18 18:10:36.759  INFO 3184 --- [restartedMain] o.s.j.e.a.AnnotationMBeanExporter        : Registering beans for JMX exposure on startup
2017-12-18 18:10:37.180  INFO 3184 --- [restartedMain] s.b.c.e.t.TomcatEmbeddedServletContainer : Tomcat started on port(s): 8080 (http)
2017-12-18 18:10:37.196  INFO 3184 --- [restartedMain] com.thymeleaf.DemoApplication            : Started DemoApplication in 16.46 seconds (JVM running for 23.871)
2017-12-18 18:16:22.148  INFO 3184 --- [http-nio-8080-exec-1] o.a.c.c.C.[Tomcat].[localhost].[/]       : Initializing Spring FrameworkServlet 'dispatcherServlet'
2017-12-18 18:16:22.148  INFO 3184 --- [http-nio-8080-exec-1] o.s.web.servlet.DispatcherServlet        : FrameworkServlet 'dispatcherServlet': initialization started
2017-12-18 18:16:22.195  INFO 3184 --- [http-nio-8080-exec-1] o.s.web.servlet.DispatcherServlet        : FrameworkServlet 'dispatcherServlet': initialization completed in 47 ms
2017-12-18 18:16:53.667  INFO 3184 --- [Thread-6] ationConfigEmbeddedWebApplicationContext : Closing org.springframework.boot.context.embedded.AnnotationConfigEmbeddedWebApplicationContext@555cf109: startup date [Mon Dec 18 18:10:26 CST 2017]; root of context hierarchy
2017-12-18 18:16:53.714  INFO 3184 --- [Thread-6] o.s.j.e.a.AnnotationMBeanExporter        : Unregistering JMX-exposed beans on shutdown
2017-12-18 18:16:54.653  INFO 3184 --- [restartedMain] com.thymeleaf.DemoApplication            : Starting DemoApplication on acer-PC with PID 3184 (E:\ideaExer\thymeleaf\target\classes started by acer in E:\ideaExer\thymeleaf)
2017-12-18 18:16:54.653  INFO 3184 --- [restartedMain] com.thymeleaf.DemoApplication            : No active profile set, falling back to default profiles: default
2017-12-18 18:16:54.653  INFO 3184 --- [restartedMain] ationConfigEmbeddedWebApplicationContext : Refreshing org.springframework.boot.context.embedded.AnnotationConfigEmbeddedWebApplicationContext@d96bdcb: startup date [Mon Dec 18 18:16:54 CST 2017]; root of context hierarchy
2017-12-18 18:16:55.277  WARN 3184 --- [restartedMain] o.m.s.mapper.ClassPathMapperScanner      : No MyBatis mapper was found in '[com.thymeleaf]' package. Please check your configuration.
2017-12-18 18:16:55.589  INFO 3184 --- [restartedMain] s.b.c.e.t.TomcatEmbeddedServletContainer : Tomcat initialized with port(s): 8080 (http)
2017-12-18 18:16:55.589  INFO 3184 --- [restartedMain] o.apache.catalina.core.StandardService   : Starting service [Tomcat]
2017-12-18 18:16:55.589  INFO 3184 --- [restartedMain] org.apache.catalina.core.StandardEngine  : Starting Servlet Engine: Apache Tomcat/8.5.23
2017-12-18 18:16:55.620  INFO 3184 --- [localhost-startStop-1] o.a.c.c.C.[Tomcat].[localhost].[/]       : Initializing Spring embedded WebApplicationContext
2017-12-18 18:16:55.620  INFO 3184 --- [localhost-startStop-1] o.s.web.context.ContextLoader            : Root WebApplicationContext: initialization completed in 967 ms
2017-12-18 18:16:55.682  INFO 3184 --- [localhost-startStop-1] o.s.b.w.servlet.ServletRegistrationBean  : Mapping servlet: 'dispatcherServlet' to [/]
2017-12-18 18:16:55.682  INFO 3184 --- [localhost-startStop-1] o.s.b.w.servlet.FilterRegistrationBean   : Mapping filter: 'characterEncodingFilter' to: [/*]
2017-12-18 18:16:55.682  INFO 3184 --- [localhost-startStop-1] o.s.b.w.servlet.FilterRegistrationBean   : Mapping filter: 'hiddenHttpMethodFilter' to: [/*]
2017-12-18 18:16:55.682  INFO 3184 --- [localhost-startStop-1] o.s.b.w.servlet.FilterRegistrationBean   : Mapping filter: 'httpPutFormContentFilter' to: [/*]
2017-12-18 18:16:55.682  INFO 3184 --- [localhost-startStop-1] o.s.b.w.servlet.FilterRegistrationBean   : Mapping filter: 'requestContextFilter' to: [/*]
2017-12-18 18:16:55.885  INFO 3184 --- [restartedMain] s.w.s.m.m.a.RequestMappingHandlerAdapter : Looking for @ControllerAdvice: org.springframework.boot.context.embedded.AnnotationConfigEmbeddedWebApplicationContext@d96bdcb: startup date [Mon Dec 18 18:16:54 CST 2017]; root of context hierarchy
2017-12-18 18:16:55.901  INFO 3184 --- [restartedMain] s.w.s.m.m.a.RequestMappingHandlerMapping : Mapped "{[/config]}" onto public java.lang.String com.thymeleaf.controller.ConfigfileController.index(org.springframework.ui.Model)
2017-12-18 18:16:55.901  INFO 3184 --- [restartedMain] s.w.s.m.m.a.RequestMappingHandlerMapping : Mapped "{[ || / || /index]}" onto public java.lang.String com.thymeleaf.controller.HelloController.index(org.springframework.ui.Model)
2017-12-18 18:16:55.901  INFO 3184 --- [restartedMain] s.w.s.m.m.a.RequestMappingHandlerMapping : Mapped "{[/error]}" onto public org.springframework.http.ResponseEntity<java.util.Map<java.lang.String, java.lang.Object>> org.springframework.boot.autoconfigure.web.BasicErrorController.error(javax.servlet.http.HttpServletRequest)
2017-12-18 18:16:55.901  INFO 3184 --- [restartedMain] s.w.s.m.m.a.RequestMappingHandlerMapping : Mapped "{[/error],produces=[text/html]}" onto public org.springframework.web.servlet.ModelAndView org.springframework.boot.autoconfigure.web.BasicErrorController.errorHtml(javax.servlet.http.HttpServletRequest,javax.servlet.http.HttpServletResponse)
2017-12-18 18:16:55.916  INFO 3184 --- [restartedMain] o.s.w.s.handler.SimpleUrlHandlerMapping  : Mapped URL path [/webjars/**] onto handler of type [class org.springframework.web.servlet.resource.ResourceHttpRequestHandler]
2017-12-18 18:16:55.916  INFO 3184 --- [restartedMain] o.s.w.s.handler.SimpleUrlHandlerMapping  : Mapped URL path [/**] onto handler of type [class org.springframework.web.servlet.resource.ResourceHttpRequestHandler]
2017-12-18 18:16:55.948  INFO 3184 --- [restartedMain] o.s.w.s.handler.SimpleUrlHandlerMapping  : Mapped URL path [/**/favicon.ico] onto handler of type [class org.springframework.web.servlet.resource.ResourceHttpRequestHandler]
2017-12-18 18:16:56.104  INFO 3184 --- [restartedMain] o.s.b.d.a.OptionalLiveReloadServer       : LiveReload server is running on port 35729
2017-12-18 18:16:56.244  INFO 3184 --- [restartedMain] o.s.j.e.a.AnnotationMBeanExporter        : Registering beans for JMX exposure on startup
2017-12-18 18:16:56.260  INFO 3184 --- [restartedMain] s.b.c.e.t.TomcatEmbeddedServletContainer : Tomcat started on port(s): 8080 (http)
2017-12-18 18:16:56.260  INFO 3184 --- [restartedMain] com.thymeleaf.DemoApplication            : Started DemoApplication in 1.654 seconds (JVM running for 402.942)
2017-12-18 18:16:59.926  INFO 3184 --- [http-nio-8080-exec-1] o.a.c.c.C.[Tomcat].[localhost].[/]       : Initializing Spring FrameworkServlet 'dispatcherServlet'
2017-12-18 18:16:59.941  INFO 3184 --- [http-nio-8080-exec-1] o.s.web.servlet.DispatcherServlet        : FrameworkServlet 'dispatcherServlet': initialization started
2017-12-18 18:16:59.941  INFO 3184 --- [http-nio-8080-exec-1] o.s.web.servlet.DispatcherServlet        : FrameworkServlet 'dispatcherServlet': initialization completed in 0 ms
2017-12-18 18:16:59.957  WARN 3184 --- [http-nio-8080-exec-1] o.s.c.s.ResourceBundleMessageSource      : ResourceBundle [messages] not found for MessageSource: Can't find bundle for base name messages, locale zh_CN
2017-12-18 18:17:49.476  INFO 3184 --- [Thread-10] ationConfigEmbeddedWebApplicationContext : Closing org.springframework.boot.context.embedded.AnnotationConfigEmbeddedWebApplicationContext@d96bdcb: startup date [Mon Dec 18 18:16:54 CST 2017]; root of context hierarchy
2017-12-18 18:17:49.476  INFO 3184 --- [Thread-10] o.s.j.e.a.AnnotationMBeanExporter        : Unregistering JMX-exposed beans on shutdown
2017-12-18 18:17:50.506  INFO 3184 --- [restartedMain] com.thymeleaf.DemoApplication            : Starting DemoApplication on acer-PC with PID 3184 (E:\ideaExer\thymeleaf\target\classes started by acer in E:\ideaExer\thymeleaf)
2017-12-18 18:17:50.506  INFO 3184 --- [restartedMain] com.thymeleaf.DemoApplication            : No active profile set, falling back to default profiles: default
2017-12-18 18:17:50.506  INFO 3184 --- [restartedMain] ationConfigEmbeddedWebApplicationContext : Refreshing org.springframework.boot.context.embedded.AnnotationConfigEmbeddedWebApplicationContext@7feaa365: startup date [Mon Dec 18 18:17:50 CST 2017]; root of context hierarchy
2017-12-18 18:17:50.896  WARN 3184 --- [restartedMain] o.m.s.mapper.ClassPathMapperScanner      : No MyBatis mapper was found in '[com.thymeleaf]' package. Please check your configuration.
2017-12-18 18:17:51.036  INFO 3184 --- [restartedMain] s.b.c.e.t.TomcatEmbeddedServletContainer : Tomcat initialized with port(s): 8080 (http)
2017-12-18 18:17:51.036  INFO 3184 --- [restartedMain] o.apache.catalina.core.StandardService   : Starting service [Tomcat]
2017-12-18 18:17:51.036  INFO 3184 --- [restartedMain] org.apache.catalina.core.StandardEngine  : Starting Servlet Engine: Apache Tomcat/8.5.23
2017-12-18 18:17:51.067  INFO 3184 --- [localhost-startStop-1] o.a.c.c.C.[Tomcat].[localhost].[/]       : Initializing Spring embedded WebApplicationContext
2017-12-18 18:17:51.067  INFO 3184 --- [localhost-startStop-1] o.s.web.context.ContextLoader            : Root WebApplicationContext: initialization completed in 561 ms
2017-12-18 18:17:51.099  INFO 3184 --- [localhost-startStop-1] o.s.b.w.servlet.ServletRegistrationBean  : Mapping servlet: 'dispatcherServlet' to [/]
2017-12-18 18:17:51.099  INFO 3184 --- [localhost-startStop-1] o.s.b.w.servlet.FilterRegistrationBean   : Mapping filter: 'characterEncodingFilter' to: [/*]
2017-12-18 18:17:51.099  INFO 3184 --- [localhost-startStop-1] o.s.b.w.servlet.FilterRegistrationBean   : Mapping filter: 'hiddenHttpMethodFilter' to: [/*]
2017-12-18 18:17:51.099  INFO 3184 --- [localhost-startStop-1] o.s.b.w.servlet.FilterRegistrationBean   : Mapping filter: 'httpPutFormContentFilter' to: [/*]
2017-12-18 18:17:51.099  INFO 3184 --- [localhost-startStop-1] o.s.b.w.servlet.FilterRegistrationBean   : Mapping filter: 'requestContextFilter' to: [/*]
2017-12-18 18:17:51.192  INFO 3184 --- [restartedMain] s.w.s.m.m.a.RequestMappingHandlerAdapter : Looking for @ControllerAdvice: org.springframework.boot.context.embedded.AnnotationConfigEmbeddedWebApplicationContext@7feaa365: startup date [Mon Dec 18 18:17:50 CST 2017]; root of context hierarchy
2017-12-18 18:17:51.208  INFO 3184 --- [restartedMain] s.w.s.m.m.a.RequestMappingHandlerMapping : Mapped "{[/config]}" onto public java.lang.String com.thymeleaf.controller.ConfigfileController.index(org.springframework.ui.Model)
2017-12-18 18:17:51.208  INFO 3184 --- [restartedMain] s.w.s.m.m.a.RequestMappingHandlerMapping : Mapped "{[ || / || /index]}" onto public java.lang.String com.thymeleaf.controller.HelloController.index(org.springframework.ui.Model)
2017-12-18 18:17:51.208  INFO 3184 --- [restartedMain] s.w.s.m.m.a.RequestMappingHandlerMapping : Mapped "{[/error]}" onto public org.springframework.http.ResponseEntity<java.util.Map<java.lang.String, java.lang.Object>> org.springframework.boot.autoconfigure.web.BasicErrorController.error(javax.servlet.http.HttpServletRequest)
2017-12-18 18:17:51.208  INFO 3184 --- [restartedMain] s.w.s.m.m.a.RequestMappingHandlerMapping : Mapped "{[/error],produces=[text/html]}" onto public org.springframework.web.servlet.ModelAndView org.springframework.boot.autoconfigure.web.BasicErrorController.errorHtml(javax.servlet.http.HttpServletRequest,javax.servlet.http.HttpServletResponse)
2017-12-18 18:17:51.208  INFO 3184 --- [restartedMain] o.s.w.s.handler.SimpleUrlHandlerMapping  : Mapped URL path [/webjars/**] onto handler of type [class org.springframework.web.servlet.resource.ResourceHttpRequestHandler]
2017-12-18 18:17:51.208  INFO 3184 --- [restartedMain] o.s.w.s.handler.SimpleUrlHandlerMapping  : Mapped URL path [/**] onto handler of type [class org.springframework.web.servlet.resource.ResourceHttpRequestHandler]
2017-12-18 18:17:51.239  INFO 3184 --- [restartedMain] o.s.w.s.handler.SimpleUrlHandlerMapping  : Mapped URL path [/**/favicon.ico] onto handler of type [class org.springframework.web.servlet.resource.ResourceHttpRequestHandler]
2017-12-18 18:17:51.395  INFO 3184 --- [restartedMain] o.s.b.d.a.OptionalLiveReloadServer       : LiveReload server is running on port 35729
2017-12-18 18:17:51.598  INFO 3184 --- [restartedMain] o.s.j.e.a.AnnotationMBeanExporter        : Registering beans for JMX exposure on startup
2017-12-18 18:17:51.613  INFO 3184 --- [restartedMain] s.b.c.e.t.TomcatEmbeddedServletContainer : Tomcat started on port(s): 8080 (http)
2017-12-18 18:17:51.613  INFO 3184 --- [restartedMain] com.thymeleaf.DemoApplication            : Started DemoApplication in 1.138 seconds (JVM running for 458.289)
